<?xml version="1.0" encoding="UTF-8"?>
<!-- Generated by org.testng.reporters.JUnitReportReporter -->
<testsuite hostname="DESKTOP-AOENI2B" failures="0" tests="5" name="com.juaracoding.ta.ProjectSiloam.step_definitions.RunnerTest" time="25.896" errors="0" timestamp="2022-12-26T13:39:15 WIB" skipped="0">
  <testcase classname="com.juaracoding.ta.ProjectSiloam.step_definitions.RunnerTest" name="runScenario" time="20.767"/>
  <system-out/>
  <testcase classname="com.juaracoding.ta.ProjectSiloam.step_definitions.RunnerTest" name="runScenario" time="0.411"/>
  <system-out/>
  <testcase classname="com.juaracoding.ta.ProjectSiloam.step_definitions.RunnerTest" name="runScenario" time="1.709"/>
  <system-out/>
  <testcase classname="com.juaracoding.ta.ProjectSiloam.step_definitions.RunnerTest" name="runScenario" time="2.701"/>
  <system-out/>
  <testcase classname="com.juaracoding.ta.ProjectSiloam.step_definitions.RunnerTest" name="runScenario" time="0.308"/>
  <system-out/>
</testsuite> <!-- com.juaracoding.ta.ProjectSiloam.step_definitions.RunnerTest -->
