<?xml version="1.0" encoding="UTF-8"?>
<!-- Generated by org.testng.reporters.JUnitReportReporter -->
<testsuite hostname="LAPTOP-8JT0F01O" failures="0" tests="1" name="com.juaracoding.ta.ProjectSiloam.step_definitions.RunnerTest" time="5.930" errors="0" timestamp="2022-12-23T10:15:05 WIB" skipped="0">
  <testcase classname="com.juaracoding.ta.ProjectSiloam.step_definitions.RunnerTest" name="runScenario" time="5.930"/>
  <system-out/>
</testsuite> <!-- com.juaracoding.ta.ProjectSiloam.step_definitions.RunnerTest -->
